This is pdfTeX, Version 3.14159265-2.6-1.40.21 (TeX Live 2020) (preloaded format=pdflatex 2020.12.2)  6 JAN 2021 09:28
entering extended mode
 restricted \write18 enabled.
 %&-line parsing enabled.
**article.tex
(./article.tex
LaTeX2e <2020-02-02> patch level 5
L3 programming layer <2020-03-06>
(/usr/local/texlive/2020/texmf-dist/tex/latex/base/article.cls
Document Class: article 2019/12/20 v1.4l Standard LaTeX document class
(/usr/local/texlive/2020/texmf-dist/tex/latex/base/size10.clo
File: size10.clo 2019/12/20 v1.4l Standard LaTeX file (size option)
)
\c@part=\count167
\c@section=\count168
\c@subsection=\count169
\c@subsubsection=\count170
\c@paragraph=\count171
\c@subparagraph=\count172
\c@figure=\count173
\c@table=\count174
\abovecaptionskip=\skip47
\belowcaptionskip=\skip48
\bibindent=\dimen134
)
(/usr/local/texlive/2020/texmf-dist/tex/latex/base/inputenc.sty
Package: inputenc 2018/08/11 v1.3c Input encoding file
\inpenc@prehook=\toks15
\inpenc@posthook=\toks16
)
(/usr/local/texlive/2020/texmf-dist/tex/latex/tools/xspace.sty
Package: xspace 2014/10/28 v1.13 Space after command names (DPC,MH)
)
(/usr/local/texlive/2020/texmf-dist/tex/latex/preprint/authblk.sty
Package: authblk 2001/02/27 1.3 (PWD)
\affilsep=\skip49
\@affilsep=\skip50
\c@Maxaffil=\count175
\c@authors=\count176
\c@affil=\count177
)
(/usr/local/texlive/2020/texmf-dist/tex/latex/l3backend/l3backend-pdfmode.def
File: l3backend-pdfmode.def 2020-03-12 L3 backend support: PDF mode
\l__kernel_color_stack_int=\count178
\l__pdf_internal_box=\box45
)
(./article.aux)
\openout1 = `article.aux'.

LaTeX Font Info:    Checking defaults for OML/cmm/m/it on input line 11.
LaTeX Font Info:    ... okay on input line 11.
LaTeX Font Info:    Checking defaults for OMS/cmsy/m/n on input line 11.
LaTeX Font Info:    ... okay on input line 11.
LaTeX Font Info:    Checking defaults for OT1/cmr/m/n on input line 11.
LaTeX Font Info:    ... okay on input line 11.
LaTeX Font Info:    Checking defaults for T1/cmr/m/n on input line 11.
LaTeX Font Info:    ... okay on input line 11.
LaTeX Font Info:    Checking defaults for TS1/cmr/m/n on input line 11.
LaTeX Font Info:    ... okay on input line 11.
LaTeX Font Info:    Checking defaults for OMX/cmex/m/n on input line 11.
LaTeX Font Info:    ... okay on input line 11.
LaTeX Font Info:    Checking defaults for U/cmr/m/n on input line 11.
LaTeX Font Info:    ... okay on input line 11.

Overfull \hbox (3.13948pt too wide) in paragraph at lines 22--25
\OT1/cmr/m/n/10 het-ero-ge-neous hard-ware and net-works tech-nolo-gies, so-phi
s-ti-cated pro-to-cols, com-
 []

[1

{/usr/local/texlive/2020/texmf-var/fonts/map/pdftex/updmap/pdftex.map}]
Overfull \hbox (8.3374pt too wide) in paragraph at lines 55--57
[]\OT1/cmr/m/n/10 A ser-vice pro-vides im-ple-men-ta-tion of code tar-get-ing a
 spe-cific con-cern. Generic
 []

[2]
LaTeX Font Info:    External font `cmex10' loaded for size
(Font)              <7> on input line 64.
LaTeX Font Info:    External font `cmex10' loaded for size
(Font)              <5> on input line 64.

Overfull \hbox (5.03842pt too wide) in paragraph at lines 64--65
[]\OT1/cmr/m/n/10 The for-mal de-scrip-tion of an op-er-a-tion is $\OML/cmm/m/i
t/10 operation[]ame\OT1/cmr/m/n/10 (\OML/cmm/m/it/10 msg; returns\OT1/cmr/m/n/1
0 )$ where
 []


Overfull \hbox (17.20247pt too wide) in paragraph at lines 66--67
\OT1/cmtt/m/it/10 parm1, String parm2) \OT1/cmr/m/it/10 and \OT1/cmtt/m/it/10 i
nt exampleOperation(int parm1, String parm2,
 []


Overfull \hbox (0.8666pt too wide) in paragraph at lines 70--72
\OT1/cmr/m/it/10 nents/services/operations, net-work con-di-tions, com-puter lo
ads), this lo-cal knowl-
 []

[3] [4] [5] [6]
! Undefined control sequence.
l.181 \url
          {https://dl.acm.org/doi/10.1109/TSE.2015.2476797}
? 
! Emergency stop.
l.181 \url
          {https://dl.acm.org/doi/10.1109/TSE.2015.2476797}
End of file on the terminal!

 
Here is how much of TeX's memory you used:
 508 strings out of 480608
 8316 string characters out of 5903630
 243726 words of memory out of 5000000
 16464 multiletter control sequences out of 15000+600000
 536121 words of font info for 37 fonts, out of 8000000 for 9000
 1141 hyphenation exceptions out of 8191
 25i,5n,21p,752b,222s stack positions out of 5000i,500n,10000p,200000b,80000s
!  ==> Fatal error occurred, no output PDF file produced!
